sksdkandroid/build/intermediates/manifest_merge_blame_file/release/manifest-merger-blame-release-report.txt
1<?xml version="1.0" encoding="utf-8"?>
2<manifest xmlns:android="http://schemas.android.com/apk/res/android"
3    package="com.sk.android.sksdkandroid"
4    android:versionCode="1"
5    android:versionName="1.0" >
6
7    <uses-sdk
8        android:minSdkVersion="16"
8-->src/main/AndroidManifest.xml
9        android:targetSdkVersion="29" />
9-->src/main/AndroidManifest.xml
10
11    <application>
11-->src/main/AndroidManifest.xml:5:5-12:19
12        <service android:name="com.sk.android.sksdkandroid.SkFirebaseService" >
12-->src/main/AndroidManifest.xml:6:9-11:19
12-->src/main/AndroidManifest.xml:7:13-73
13            <intent-filter>
13-->src/main/AndroidManifest.xml:8:13-10:29
14                <action android:name="com.google.firebase.MESSAGING_EVENT" />
14-->src/main/AndroidManifest.xml:9:17-77
14-->src/main/AndroidManifest.xml:9:25-75
15            </intent-filter>
16        </service>
17    </application>
18
19</manifest>